Flutter crash report.
Please report a bug at https://github.com/flutter/flutter/issues.

## command

flutter --no-color run --machine --track-widget-creation --device-id=adb-R58M64N6ELB-SlCvAU._adb-tls-connect._tcp. --start-paused --dart-define=flutter.inspector.structuredErrors=true lib/main.dart

## exception

FileSystemException: FileSystemException: Cannot open file, path = '/var/folders/54/y5k_r4_d08z_zmbq79dw3x140000gn/T/flutter_tools.3AufPo/flutter_tool.G4cHCv/app.dill.incremental.dill' (OS Error: No such file or directory, errno = 2)

```
#0      _File.throwIfError (dart:io/file_impl.dart:635:7)
#1      _File.openSync (dart:io/file_impl.dart:479:5)
#2      _File.readAsBytesSync (dart:io/file_impl.dart:539:18)
#3      ForwardingFile.readAsBytesSync (package:file/src/forwarding/forwarding_file.dart:88:43)
#4      ForwardingFile.readAsBytesSync (package:file/src/forwarding/forwarding_file.dart:88:43)
#5      StdoutHandler.handler (package:flutter_tools/src/compile.dart:121:53)
#6      _rootRunUnary (dart:async/zone.dart:1436:47)
#7      _CustomZone.runUnary (dart:async/zone.dart:1335:19)
#8      _CustomZone.runUnaryGuarded (dart:async/zone.dart:1244:7)
#9      _BufferingStreamSubscription._sendData (dart:async/stream_impl.dart:341:11)
#10     _BufferingStreamSubscription._add (dart:async/stream_impl.dart:271:7)
#11     _SinkTransformerStreamSubscription._add (dart:async/stream_transformers.dart:63:11)
#12     _EventSinkWrapper.add (dart:async/stream_transformers.dart:13:11)
#13     _StringAdapterSink.add (dart:convert/string_conversion.dart:238:11)
#14     _LineSplitterSink._addLines (dart:convert/line_splitter.dart:151:13)
#15     _LineSplitterSink.addSlice (dart:convert/line_splitter.dart:126:5)
#16     StringConversionSinkMixin.add (dart:convert/string_conversion.dart:163:5)
#17     _SinkTransformerStreamSubscription._handleData (dart:async/stream_transformers.dart:111:24)
#18     _rootRunUnary (dart:async/zone.dart:1436:47)
#19     _CustomZone.runUnary (dart:async/zone.dart:1335:19)
#20     _CustomZone.runUnaryGuarded (dart:async/zone.dart:1244:7)
#21     _BufferingStreamSubscription._sendData (dart:async/stream_impl.dart:341:11)
#22     _BufferingStreamSubscription._add (dart:async/stream_impl.dart:271:7)
#23     _SinkTransformerStreamSubscription._add (dart:async/stream_transformers.dart:63:11)
#24     _EventSinkWrapper.add (dart:async/stream_transformers.dart:13:11)
#25     _StringAdapterSink.add (dart:convert/string_conversion.dart:238:11)
#26     _StringAdapterSink.addSlice (dart:convert/string_conversion.dart:243:7)
#27     _Utf8ConversionSink.addSlice (dart:convert/string_conversion.dart:317:20)
#28     _Utf8ConversionSink.add (dart:convert/string_conversion.dart:310:5)
#29     _ConverterStreamEventSink.add (dart:convert/chunked_conversion.dart:72:18)
#30     _SinkTransformerStreamSubscription._handleData (dart:async/stream_transformers.dart:111:24)
#31     _rootRunUnary (dart:async/zone.dart:1436:47)
#32     _CustomZone.runUnary (dart:async/zone.dart:1335:19)
#33     _CustomZone.runUnaryGuarded (dart:async/zone.dart:1244:7)
#34     _BufferingStreamSubscription._sendData (dart:async/stream_impl.dart:341:11)
#35     _BufferingStreamSubscription._add (dart:async/stream_impl.dart:271:7)
#36     _SyncStreamControllerDispatch._sendData (dart:async/stream_controller.dart:733:19)
#37     _StreamController._add (dart:async/stream_controller.dart:607:7)
#38     _StreamController.add (dart:async/stream_controller.dart:554:5)
#39     _Socket._onData (dart:io-patch/socket_patch.dart:2302:41)
#40     _rootRunUnary (dart:async/zone.dart:1444:13)
#41     _CustomZone.runUnary (dart:async/zone.dart:1335:19)
#42     _CustomZone.runUnaryGuarded (dart:async/zone.dart:1244:7)
#43     _BufferingStreamSubscription._sendData (dart:async/stream_impl.dart:341:11)
#44     _BufferingStreamSubscription._add (dart:async/stream_impl.dart:271:7)
#45     _SyncStreamControllerDispatch._sendData (dart:async/stream_controller.dart:733:19)
#46     _StreamController._add (dart:async/stream_controller.dart:607:7)
#47     _StreamController.add (dart:async/stream_controller.dart:554:5)
#48     new _RawSocket.<anonymous closure> (dart:io-patch/socket_patch.dart:1830:33)
#49     _NativeSocket.issueReadEvent.issue (dart:io-patch/socket_patch.dart:1314:14)
#50     _microtaskLoop (dart:async/schedule_microtask.dart:40:21)
#51     _startMicrotaskLoop (dart:async/schedule_microtask.dart:49:5)
#52     _runPendingImmediateCallback (dart:isolate-patch/isolate_patch.dart:122:13)
#53     _RawReceivePortImpl._handleMessage (dart:isolate-patch/isolate_patch.dart:193:5)
```

## flutter doctor

```
[✓] Flutter (Channel stable, 2.8.1, on macOS 12.2.1 21D62 darwin-arm, locale en-IQ)
    • Flutter version 2.8.1 at /Users/alaabaghdadi/FlutterDev/flutter
    • Upstream repository https://github.com/flutter/flutter.git
    • Framework revision 77d935af4d (10 weeks ago), 2021-12-16 08:37:33 -0800
    • Engine revision 890a5fca2e
    • Dart version 2.15.1

[!] Android toolchain - develop for Android devices (Android SDK version 32.0.0)
    • Android SDK at /Users/alaabaghdadi/Library/Android/sdk
    ✗ cmdline-tools component is missing
      Run `path/to/sdkmanager --install "cmdline-tools;latest"`
      See https://developer.android.com/studio/command-line for more details.
    ✗ Android license status unknown.
      Run `flutter doctor --android-licenses` to accept the SDK licenses.
      See https://flutter.dev/docs/get-started/install/macos#android-setup for more details.

[✓] Xcode - develop for iOS and macOS (Xcode 13.2.1)
    • Xcode at /Applications/Xcode.app/Contents/Developer
    • CocoaPods version 1.11.2

[✓] Chrome - develop for the web
    • Chrome at /Applications/Google Chrome.app/Contents/MacOS/Google Chrome

[✓] Android Studio (version 2021.1)
    • Android Studio at /Applications/Android Studio.app/Contents
    • Flutter plugin can be installed from:
      🔨 https://plugins.jetbrains.com/plugin/9212-flutter
    • Dart plugin can be installed from:
      🔨 https://plugins.jetbrains.com/plugin/6351-dart
    • Java version OpenJDK Runtime Environment (build 11.0.11+0-b60-7772763)

[✓] Connected device (3 available)
    • SM A705FN (mobile)         • adb-R58M64N6ELB-SlCvAU._adb-tls-connect._tcp. • android-arm64  • Android 11 (API 30)
    • iPhone 13 Pro Max (mobile) • 70FC5CC6-6768-4670-8F8A-4AC1A764B4D7          • ios            • com.apple.CoreSimulator.SimRuntime.iOS-15-2 (simulator)
    • Chrome (web)               • chrome                                        • web-javascript • Google Chrome 98.0.4758.102

! Doctor found issues in 1 category.
```
